{"/Users/bemdev/workplace/hw-2020-1/app/src/components/Button/Button.js": {"path":"/Users/bemdev/workplace/hw-2020-1/app/src/components/Button/Button.js","statementMap":{"0":{"start":{"line":9,"column":15},"end":{"line":60,"column":1}},"1":{"start":{"line":21,"column":22},"end":{"line":27,"column":6}},"2":{"start":{"line":28,"column":21},"end":{"line":28,"column":43}},"3":{"start":{"line":29,"column":18},"end":{"line":29,"column":59}},"4":{"start":{"line":31,"column":4},"end":{"line":59,"column":5}},"5":{"start":{"line":33,"column":12},"end":{"line":43,"column":14}},"6":{"start":{"line":45,"column":12},"end":{"line":58,"column":14}}},"fnMap":{"0":{"name":"(anonymous_0)","decl":{"start":{"line":9,"column":15},"end":{"line":9,"column":16}},"loc":{"start":{"line":20,"column":6},"end":{"line":60,"column":1}},"line":20}},"branchMap":{"0":{"loc":{"start":{"line":23,"column":14},"end":{"line":23,"column":32}},"type":"cond-expr","locations":[{"start":{"line":23,"column":21},"end":{"line":23,"column":25}},{"start":{"line":23,"column":28},"end":{"line":23,"column":32}}],"line":23},"1":{"loc":{"start":{"line":24,"column":15},"end":{"line":24,"column":35}},"type":"cond-expr","locations":[{"start":{"line":24,"column":23},"end":{"line":24,"column":28}},{"start":{"line":24,"column":31},"end":{"line":24,"column":35}}],"line":24},"2":{"loc":{"start":{"line":25,"column":14},"end":{"line":25,"column":37}},"type":"cond-expr","locations":[{"start":{"line":25,"column":24},"end":{"line":25,"column":30}},{"start":{"line":25,"column":33},"end":{"line":25,"column":37}}],"line":25},"3":{"loc":{"start":{"line":31,"column":4},"end":{"line":59,"column":5}},"type":"switch","locations":[{"start":{"line":32,"column":8},"end":{"line":43,"column":14}},{"start":{"line":44,"column":8},"end":{"line":58,"column":14}}],"line":31},"4":{"loc":{"start":{"line":40,"column":21},"end":{"line":40,"column":53}},"type":"binary-expr","locations":[{"start":{"line":40,"column":21},"end":{"line":40,"column":28}},{"start":{"line":40,"column":32},"end":{"line":40,"column":53}}],"line":40},"5":{"loc":{"start":{"line":51,"column":21},"end":{"line":51,"column":59}},"type":"cond-expr","locations":[{"start":{"line":51,"column":31},"end":{"line":51,"column":52}},{"start":{"line":51,"column":55},"end":{"line":51,"column":59}}],"line":51},"6":{"loc":{"start":{"line":52,"column":21},"end":{"line":56,"column":28}},"type":"cond-expr","locations":[{"start":{"line":53,"column":24},"end":{"line":55,"column":30}},{"start":{"line":56,"column":24},"end":{"line":56,"column":28}}],"line":52}},"s":{"0":4,"1":7,"2":7,"3":7,"4":7,"5":1,"6":6},"f":{"0":7},"b":{"0":[2,5],"1":[0,7],"2":[0,7],"3":[1,6],"4":[1,0],"5":[0,6],"6":[4,2]},"_coverageSchema":"1a1c01bbd47fc00a2c39e90264f33305004495a9","hash":"e81b7b6c8b489adbb3b89c859a2aaf260b1c19fd"}
,"/Users/bemdev/workplace/hw-2020-1/app/src/components/Card/Card.js": {"path":"/Users/bemdev/workplace/hw-2020-1/app/src/components/Card/Card.js","statementMap":{"0":{"start":{"line":11,"column":13},"end":{"line":173,"column":1}},"1":{"start":{"line":14,"column":1},"end":{"line":33,"column":2}},"2":{"start":{"line":15,"column":2},"end":{"line":30,"column":3}},"3":{"start":{"line":17,"column":4},"end":{"line":17,"column":19}},"4":{"start":{"line":18,"column":4},"end":{"line":18,"column":10}},"5":{"start":{"line":20,"column":4},"end":{"line":20,"column":20}},"6":{"start":{"line":21,"column":4},"end":{"line":21,"column":10}},"7":{"start":{"line":23,"column":4},"end":{"line":23,"column":20}},"8":{"start":{"line":24,"column":4},"end":{"line":24,"column":10}},"9":{"start":{"line":26,"column":4},"end":{"line":26,"column":22}},"10":{"start":{"line":27,"column":4},"end":{"line":27,"column":10}},"11":{"start":{"line":29,"column":4},"end":{"line":29,"column":10}},"12":{"start":{"line":32,"column":2},"end":{"line":32,"column":25}},"13":{"start":{"line":36,"column":1},"end":{"line":43,"column":2}},"14":{"start":{"line":37,"column":2},"end":{"line":42,"column":3}},"15":{"start":{"line":39,"column":3},"end":{"line":39,"column":49}},"16":{"start":{"line":41,"column":3},"end":{"line":41,"column":50}},"17":{"start":{"line":45,"column":21},"end":{"line":52,"column":2}},"18":{"start":{"line":54,"column":1},"end":{"line":172,"column":3}}},"fnMap":{"0":{"name":"(anonymous_0)","decl":{"start":{"line":11,"column":13},"end":{"line":11,"column":14}},"loc":{"start":{"line":11,"column":43},"end":{"line":173,"column":1}},"line":11}},"branchMap":{"0":{"loc":{"start":{"line":14,"column":1},"end":{"line":33,"column":2}},"type":"if","locations":[{"start":{"line":14,"column":1},"end":{"line":33,"column":2}},{"start":{"line":14,"column":1},"end":{"line":33,"column":2}}],"line":14},"1":{"loc":{"start":{"line":15,"column":2},"end":{"line":30,"column":3}},"type":"switch","locations":[{"start":{"line":16,"column":3},"end":{"line":18,"column":10}},{"start":{"line":19,"column":3},"end":{"line":21,"column":10}},{"start":{"line":22,"column":3},"end":{"line":24,"column":10}},{"start":{"line":25,"column":3},"end":{"line":27,"column":10}},{"start":{"line":28,"column":3},"end":{"line":29,"column":10}}],"line":15},"2":{"loc":{"start":{"line":36,"column":1},"end":{"line":43,"column":2}},"type":"if","locations":[{"start":{"line":36,"column":1},"end":{"line":43,"column":2}},{"start":{"line":36,"column":1},"end":{"line":43,"column":2}}],"line":36},"3":{"loc":{"start":{"line":36,"column":5},"end":{"line":36,"column":59}},"type":"binary-expr","locations":[{"start":{"line":36,"column":5},"end":{"line":36,"column":38}},{"start":{"line":36,"column":42},"end":{"line":36,"column":59}}],"line":36},"4":{"loc":{"start":{"line":37,"column":2},"end":{"line":42,"column":3}},"type":"if","locations":[{"start":{"line":37,"column":2},"end":{"line":42,"column":3}},{"start":{"line":37,"column":2},"end":{"line":42,"column":3}}],"line":37},"5":{"loc":{"start":{"line":56,"column":4},"end":{"line":169,"column":4}},"type":"cond-expr","locations":[{"start":{"line":57,"column":4},"end":{"line":104,"column":10}},{"start":{"line":106,"column":4},"end":{"line":168,"column":10}}],"line":56},"6":{"loc":{"start":{"line":85,"column":7},"end":{"line":102,"column":7}},"type":"binary-expr","locations":[{"start":{"line":85,"column":7},"end":{"line":85,"column":17}},{"start":{"line":86,"column":7},"end":{"line":101,"column":13}}],"line":85},"7":{"loc":{"start":{"line":108,"column":7},"end":{"line":166,"column":7}},"type":"cond-expr","locations":[{"start":{"line":109,"column":7},"end":{"line":163,"column":10}},{"start":{"line":165,"column":7},"end":{"line":165,"column":17}}],"line":108},"8":{"loc":{"start":{"line":144,"column":10},"end":{"line":161,"column":10}},"type":"binary-expr","locations":[{"start":{"line":144,"column":10},"end":{"line":144,"column":20}},{"start":{"line":145,"column":10},"end":{"line":160,"column":16}}],"line":144},"9":{"loc":{"start":{"line":170,"column":4},"end":{"line":170,"column":39}},"type":"binary-expr","locations":[{"start":{"line":170,"column":4},"end":{"line":170,"column":12}},{"start":{"line":170,"column":16},"end":{"line":170,"column":39}}],"line":170}},"s":{"0":5,"1":2,"2":0,"3":0,"4":0,"5":0,"6":0,"7":0,"8":0,"9":0,"10":0,"11":0,"12":2,"13":2,"14":0,"15":0,"16":0,"17":2,"18":2},"f":{"0":2},"b":{"0":[0,2],"1":[0,0,0,0,0],"2":[0,2],"3":[2,2],"4":[0,0],"5":[1,1],"6":[1,0],"7":[0,1],"8":[0,0],"9":[2,0]},"_coverageSchema":"1a1c01bbd47fc00a2c39e90264f33305004495a9","hash":"4b1754e41e4a70b95af5a7000125d285d1c3fbd4"}
,"/Users/bemdev/workplace/hw-2020-1/app/src/components/Copyright/Copyright.js": {"path":"/Users/bemdev/workplace/hw-2020-1/app/src/components/Copyright/Copyright.js","statementMap":{"0":{"start":{"line":3,"column":18},"end":{"line":9,"column":1}},"1":{"start":{"line":4,"column":4},"end":{"line":8,"column":5}}},"fnMap":{"0":{"name":"(anonymous_0)","decl":{"start":{"line":3,"column":18},"end":{"line":3,"column":19}},"loc":{"start":{"line":3,"column":24},"end":{"line":9,"column":1}},"line":3}},"branchMap":{},"s":{"0":4,"1":1},"f":{"0":1},"b":{},"_coverageSchema":"1a1c01bbd47fc00a2c39e90264f33305004495a9","hash":"f8e3561b4c0335b6d2a6d381c311b128b6168449"}
,"/Users/bemdev/workplace/hw-2020-1/app/src/components/Footer/Footer.js": {"path":"/Users/bemdev/workplace/hw-2020-1/app/src/components/Footer/Footer.js","statementMap":{"0":{"start":{"line":6,"column":15},"end":{"line":12,"column":1}},"1":{"start":{"line":7,"column":1},"end":{"line":11,"column":3}}},"fnMap":{"0":{"name":"(anonymous_0)","decl":{"start":{"line":6,"column":15},"end":{"line":6,"column":16}},"loc":{"start":{"line":6,"column":21},"end":{"line":12,"column":1}},"line":6}},"branchMap":{},"s":{"0":3,"1":1},"f":{"0":1},"b":{},"_coverageSchema":"1a1c01bbd47fc00a2c39e90264f33305004495a9","hash":"cb46cb91f2d9f783f28406b1ceb9b1ec645a2526"}
,"/Users/bemdev/workplace/hw-2020-1/app/src/components/Footer/__content/FooterContent.js": {"path":"/Users/bemdev/workplace/hw-2020-1/app/src/components/Footer/__content/FooterContent.js","statementMap":{"0":{"start":{"line":7,"column":16},"end":{"line":21,"column":1}},"1":{"start":{"line":8,"column":4},"end":{"line":20,"column":5}}},"fnMap":{"0":{"name":"(anonymous_0)","decl":{"start":{"line":7,"column":16},"end":{"line":7,"column":17}},"loc":{"start":{"line":7,"column":22},"end":{"line":21,"column":1}},"line":7}},"branchMap":{},"s":{"0":3,"1":0},"f":{"0":0},"b":{},"_coverageSchema":"1a1c01bbd47fc00a2c39e90264f33305004495a9","hash":"21b528151a67ea4c694c380ea737f27c6674138b"}
,"/Users/bemdev/workplace/hw-2020-1/app/src/components/Form/Form.js": {"path":"/Users/bemdev/workplace/hw-2020-1/app/src/components/Form/Form.js","statementMap":{"0":{"start":{"line":13,"column":13},"end":{"line":162,"column":1}},"1":{"start":{"line":14,"column":32},"end":{"line":20,"column":6}},"2":{"start":{"line":22,"column":36},"end":{"line":22,"column":51}},"3":{"start":{"line":24,"column":25},"end":{"line":26,"column":5}},"4":{"start":{"line":25,"column":8},"end":{"line":25,"column":66}},"5":{"start":{"line":28,"column":25},"end":{"line":30,"column":5}},"6":{"start":{"line":29,"column":8},"end":{"line":29,"column":27}},"7":{"start":{"line":32,"column":20},"end":{"line":34,"column":5}},"8":{"start":{"line":33,"column":8},"end":{"line":33,"column":76}},"9":{"start":{"line":33,"column":62},"end":{"line":33,"column":74}},"10":{"start":{"line":36,"column":27},"end":{"line":38,"column":5}},"11":{"start":{"line":37,"column":8},"end":{"line":37,"column":75}},"12":{"start":{"line":37,"column":61},"end":{"line":37,"column":73}},"13":{"start":{"line":40,"column":24},"end":{"line":48,"column":5}},"14":{"start":{"line":41,"column":8},"end":{"line":41,"column":26}},"15":{"start":{"line":42,"column":8},"end":{"line":47,"column":44}},"16":{"start":{"line":44,"column":16},"end":{"line":44,"column":35}},"17":{"start":{"line":45,"column":16},"end":{"line":45,"column":50}},"18":{"start":{"line":47,"column":26},"end":{"line":47,"column":42}},"19":{"start":{"line":50,"column":4},"end":{"line":161,"column":5}},"20":{"start":{"line":52,"column":12},"end":{"line":81,"column":14}},"21":{"start":{"line":84,"column":12},"end":{"line":106,"column":14}},"22":{"start":{"line":109,"column":12},"end":{"line":160,"column":14}}},"fnMap":{"0":{"name":"(anonymous_0)","decl":{"start":{"line":13,"column":13},"end":{"line":13,"column":14}},"loc":{"start":{"line":13,"column":56},"end":{"line":162,"column":1}},"line":13},"1":{"name":"(anonymous_1)","decl":{"start":{"line":24,"column":25},"end":{"line":24,"column":26}},"loc":{"start":{"line":24,"column":30},"end":{"line":26,"column":5}},"line":24},"2":{"name":"(anonymous_2)","decl":{"start":{"line":28,"column":25},"end":{"line":28,"column":26}},"loc":{"start":{"line":28,"column":30},"end":{"line":30,"column":5}},"line":28},"3":{"name":"(anonymous_3)","decl":{"start":{"line":32,"column":20},"end":{"line":32,"column":21}},"loc":{"start":{"line":32,"column":25},"end":{"line":34,"column":5}},"line":32},"4":{"name":"(anonymous_4)","decl":{"start":{"line":33,"column":55},"end":{"line":33,"column":56}},"loc":{"start":{"line":33,"column":62},"end":{"line":33,"column":74}},"line":33},"5":{"name":"(anonymous_5)","decl":{"start":{"line":36,"column":27},"end":{"line":36,"column":28}},"loc":{"start":{"line":36,"column":33},"end":{"line":38,"column":5}},"line":36},"6":{"name":"(anonymous_6)","decl":{"start":{"line":37,"column":54},"end":{"line":37,"column":55}},"loc":{"start":{"line":37,"column":61},"end":{"line":37,"column":73}},"line":37},"7":{"name":"(anonymous_7)","decl":{"start":{"line":40,"column":24},"end":{"line":40,"column":25}},"loc":{"start":{"line":40,"column":29},"end":{"line":48,"column":5}},"line":40},"8":{"name":"(anonymous_8)","decl":{"start":{"line":43,"column":18},"end":{"line":43,"column":19}},"loc":{"start":{"line":43,"column":28},"end":{"line":46,"column":13}},"line":43},"9":{"name":"(anonymous_9)","decl":{"start":{"line":47,"column":19},"end":{"line":47,"column":20}},"loc":{"start":{"line":47,"column":26},"end":{"line":47,"column":42}},"line":47},"10":{"name":"(anonymous_10)","decl":{"start":{"line":154,"column":33},"end":{"line":154,"column":34}},"loc":{"start":{"line":154,"column":39},"end":{"line":154,"column":41}},"line":154}},"branchMap":{"0":{"loc":{"start":{"line":50,"column":4},"end":{"line":161,"column":5}},"type":"switch","locations":[{"start":{"line":51,"column":8},"end":{"line":81,"column":14}},{"start":{"line":83,"column":8},"end":{"line":106,"column":14}},{"start":{"line":108,"column":8},"end":{"line":160,"column":14}}],"line":50}},"s":{"0":3,"1":3,"2":3,"3":3,"4":0,"5":3,"6":0,"7":3,"8":0,"9":0,"10":3,"11":0,"12":0,"13":3,"14":0,"15":0,"16":0,"17":0,"18":0,"19":3,"20":1,"21":1,"22":1},"f":{"0":3,"1":0,"2":0,"3":0,"4":0,"5":0,"6":0,"7":0,"8":0,"9":0,"10":0},"b":{"0":[1,1,1]},"_coverageSchema":"1a1c01bbd47fc00a2c39e90264f33305004495a9","hash":"c194ad7c26337cb28a14499fba7fa724733cf67d"}
,"/Users/bemdev/workplace/hw-2020-1/app/src/components/Grid/Grid.js": {"path":"/Users/bemdev/workplace/hw-2020-1/app/src/components/Grid/Grid.js","statementMap":{"0":{"start":{"line":6,"column":13},"end":{"line":14,"column":1}},"1":{"start":{"line":7,"column":1},"end":{"line":13,"column":3}}},"fnMap":{"0":{"name":"(anonymous_0)","decl":{"start":{"line":6,"column":13},"end":{"line":6,"column":14}},"loc":{"start":{"line":6,"column":37},"end":{"line":14,"column":1}},"line":6}},"branchMap":{},"s":{"0":3,"1":1},"f":{"0":1},"b":{},"_coverageSchema":"1a1c01bbd47fc00a2c39e90264f33305004495a9","hash":"f7598782f22b18aec3de08092a67d2cb9f16fef3"}
,"/Users/bemdev/workplace/hw-2020-1/app/src/components/Header/Header.js": {"path":"/Users/bemdev/workplace/hw-2020-1/app/src/components/Header/Header.js","statementMap":{"0":{"start":{"line":9,"column":18},"end":{"line":9,"column":32}},"1":{"start":{"line":11,"column":15},"end":{"line":22,"column":1}},"2":{"start":{"line":12,"column":1},"end":{"line":21,"column":3}}},"fnMap":{"0":{"name":"(anonymous_0)","decl":{"start":{"line":11,"column":15},"end":{"line":11,"column":16}},"loc":{"start":{"line":11,"column":47},"end":{"line":22,"column":1}},"line":11}},"branchMap":{"0":{"loc":{"start":{"line":16,"column":41},"end":{"line":16,"column":59}},"type":"binary-expr","locations":[{"start":{"line":16,"column":41},"end":{"line":16,"column":46}},{"start":{"line":16,"column":50},"end":{"line":16,"column":59}}],"line":16}},"s":{"0":3,"1":3,"2":1},"f":{"0":1},"b":{"0":[1,1]},"_coverageSchema":"1a1c01bbd47fc00a2c39e90264f33305004495a9","hash":"20f2d2db1e16689b80c12bee3537df94f588f844"}
,"/Users/bemdev/workplace/hw-2020-1/app/src/components/Header/__content/HeaderContent.js": {"path":"/Users/bemdev/workplace/hw-2020-1/app/src/components/Header/__content/HeaderContent.js","statementMap":{"0":{"start":{"line":6,"column":17},"end":{"line":6,"column":42}},"1":{"start":{"line":8,"column":16},"end":{"line":14,"column":1}},"2":{"start":{"line":9,"column":4},"end":{"line":13,"column":5}}},"fnMap":{"0":{"name":"(anonymous_0)","decl":{"start":{"line":8,"column":16},"end":{"line":8,"column":17}},"loc":{"start":{"line":8,"column":34},"end":{"line":14,"column":1}},"line":8}},"branchMap":{},"s":{"0":3,"1":3,"2":0},"f":{"0":0},"b":{},"_coverageSchema":"1a1c01bbd47fc00a2c39e90264f33305004495a9","hash":"2dd271a28569e4b5fef06b5cd1620a39c3e82c68"}
,"/Users/bemdev/workplace/hw-2020-1/app/src/components/Header/__logo/HeaderLogo.js": {"path":"/Users/bemdev/workplace/hw-2020-1/app/src/components/Header/__logo/HeaderLogo.js","statementMap":{"0":{"start":{"line":8,"column":13},"end":{"line":14,"column":1}},"1":{"start":{"line":9,"column":14},"end":{"line":9,"column":42}},"2":{"start":{"line":10,"column":15},"end":{"line":10,"column":57}},"3":{"start":{"line":11,"column":18},"end":{"line":11,"column":62}},"4":{"start":{"line":13,"column":1},"end":{"line":13,"column":48}}},"fnMap":{"0":{"name":"(anonymous_0)","decl":{"start":{"line":8,"column":13},"end":{"line":8,"column":14}},"loc":{"start":{"line":8,"column":35},"end":{"line":14,"column":1}},"line":8}},"branchMap":{},"s":{"0":3,"1":0,"2":0,"3":0,"4":0},"f":{"0":0},"b":{},"_coverageSchema":"1a1c01bbd47fc00a2c39e90264f33305004495a9","hash":"ca33cd13f66abf7b68979d8d774d238a8eea0106"}
,"/Users/bemdev/workplace/hw-2020-1/app/src/components/History/History.js": {"path":"/Users/bemdev/workplace/hw-2020-1/app/src/components/History/History.js","statementMap":{"0":{"start":{"line":6,"column":16},"end":{"line":12,"column":1}},"1":{"start":{"line":7,"column":1},"end":{"line":11,"column":3}}},"fnMap":{"0":{"name":"(anonymous_0)","decl":{"start":{"line":6,"column":16},"end":{"line":6,"column":17}},"loc":{"start":{"line":6,"column":37},"end":{"line":12,"column":1}},"line":6}},"branchMap":{"0":{"loc":{"start":{"line":7,"column":8},"end":{"line":11,"column":2}},"type":"cond-expr","locations":[{"start":{"line":8,"column":2},"end":{"line":8,"column":24}},{"start":{"line":10,"column":2},"end":{"line":10,"column":56}}],"line":7},"1":{"loc":{"start":{"line":7,"column":8},"end":{"line":7,"column":33}},"type":"binary-expr","locations":[{"start":{"line":7,"column":8},"end":{"line":7,"column":13}},{"start":{"line":7,"column":17},"end":{"line":7,"column":33}}],"line":7},"2":{"loc":{"start":{"line":10,"column":2},"end":{"line":10,"column":56}},"type":"binary-expr","locations":[{"start":{"line":10,"column":2},"end":{"line":10,"column":19}},{"start":{"line":10,"column":23},"end":{"line":10,"column":56}}],"line":10}},"s":{"0":3,"1":1},"f":{"0":1},"b":{"0":[1,0],"1":[1,1],"2":[0,0]},"_coverageSchema":"1a1c01bbd47fc00a2c39e90264f33305004495a9","hash":"135b8f81aa552e6ce0013d36ba476b60c9afe7f8"}
,"/Users/bemdev/workplace/hw-2020-1/app/src/components/Icon/Icon.js": {"path":"/Users/bemdev/workplace/hw-2020-1/app/src/components/Icon/Icon.js","statementMap":{"0":{"start":{"line":6,"column":13},"end":{"line":10,"column":1}},"1":{"start":{"line":7,"column":19},"end":{"line":7,"column":51}},"2":{"start":{"line":9,"column":1},"end":{"line":9,"column":47}}},"fnMap":{"0":{"name":"(anonymous_0)","decl":{"start":{"line":6,"column":13},"end":{"line":6,"column":14}},"loc":{"start":{"line":6,"column":30},"end":{"line":10,"column":1}},"line":6}},"branchMap":{},"s":{"0":8,"1":2,"2":2},"f":{"0":2},"b":{},"_coverageSchema":"1a1c01bbd47fc00a2c39e90264f33305004495a9","hash":"3a287477bbb943ca871ec806002ea2a06b04e93b"}
,"/Users/bemdev/workplace/hw-2020-1/app/src/components/Input/Input.js": {"path":"/Users/bemdev/workplace/hw-2020-1/app/src/components/Input/Input.js","statementMap":{"0":{"start":{"line":6,"column":14},"end":{"line":57,"column":1}},"1":{"start":{"line":7,"column":1},"end":{"line":56,"column":3}}},"fnMap":{"0":{"name":"(anonymous_0)","decl":{"start":{"line":6,"column":14},"end":{"line":6,"column":15}},"loc":{"start":{"line":6,"column":25},"end":{"line":57,"column":1}},"line":6}},"branchMap":{"0":{"loc":{"start":{"line":16,"column":4},"end":{"line":51,"column":4}},"type":"cond-expr","locations":[{"start":{"line":17,"column":4},"end":{"line":33,"column":7}},{"start":{"line":35,"column":4},"end":{"line":50,"column":7}}],"line":16},"1":{"loc":{"start":{"line":52,"column":4},"end":{"line":54,"column":11}},"type":"cond-expr","locations":[{"start":{"line":53,"column":4},"end":{"line":53,"column":50}},{"start":{"line":54,"column":7},"end":{"line":54,"column":11}}],"line":52}},"s":{"0":4,"1":4},"f":{"0":4},"b":{"0":[0,4],"1":[1,3]},"_coverageSchema":"1a1c01bbd47fc00a2c39e90264f33305004495a9","hash":"45df5a350a3e1390e8afe449fb5f8135e95622e7"}
,"/Users/bemdev/workplace/hw-2020-1/app/src/components/Link/Link.js": {"path":"/Users/bemdev/workplace/hw-2020-1/app/src/components/Link/Link.js","statementMap":{"0":{"start":{"line":5,"column":13},"end":{"line":11,"column":1}},"1":{"start":{"line":6,"column":1},"end":{"line":10,"column":3}}},"fnMap":{"0":{"name":"(anonymous_0)","decl":{"start":{"line":5,"column":13},"end":{"line":5,"column":14}},"loc":{"start":{"line":5,"column":34},"end":{"line":11,"column":1}},"line":5}},"branchMap":{},"s":{"0":5,"1":2},"f":{"0":2},"b":{},"_coverageSchema":"1a1c01bbd47fc00a2c39e90264f33305004495a9","hash":"74a9184bbe48d9020ff74adef938400279f0a802"}
,"/Users/bemdev/workplace/hw-2020-1/app/src/components/List/List.js": {"path":"/Users/bemdev/workplace/hw-2020-1/app/src/components/List/List.js","statementMap":{"0":{"start":{"line":8,"column":13},"end":{"line":16,"column":1}},"1":{"start":{"line":9,"column":1},"end":{"line":15,"column":3}},"2":{"start":{"line":12,"column":4},"end":{"line":12,"column":44}}},"fnMap":{"0":{"name":"(anonymous_0)","decl":{"start":{"line":8,"column":13},"end":{"line":8,"column":14}},"loc":{"start":{"line":8,"column":38},"end":{"line":16,"column":1}},"line":8},"1":{"name":"(anonymous_1)","decl":{"start":{"line":11,"column":23},"end":{"line":11,"column":24}},"loc":{"start":{"line":11,"column":40},"end":{"line":13,"column":4}},"line":11}},"branchMap":{"0":{"loc":{"start":{"line":11,"column":4},"end":{"line":13,"column":5}},"type":"binary-expr","locations":[{"start":{"line":11,"column":4},"end":{"line":11,"column":9}},{"start":{"line":11,"column":13},"end":{"line":13,"column":5}}],"line":11}},"s":{"0":4,"1":1,"2":1},"f":{"0":1,"1":1},"b":{"0":[1,1]},"_coverageSchema":"1a1c01bbd47fc00a2c39e90264f33305004495a9","hash":"ba26a0d25d063606c7cbb2267ffbe9b6123e95ba"}
,"/Users/bemdev/workplace/hw-2020-1/app/src/components/Loader/Loader.js": {"path":"/Users/bemdev/workplace/hw-2020-1/app/src/components/Loader/Loader.js","statementMap":{"0":{"start":{"line":3,"column":15},"end":{"line":3,"column":42}},"1":{"start":{"line":3,"column":21},"end":{"line":3,"column":42}}},"fnMap":{"0":{"name":"(anonymous_0)","decl":{"start":{"line":3,"column":15},"end":{"line":3,"column":16}},"loc":{"start":{"line":3,"column":21},"end":{"line":3,"column":42}},"line":3}},"branchMap":{},"s":{"0":6,"1":3},"f":{"0":3},"b":{},"_coverageSchema":"1a1c01bbd47fc00a2c39e90264f33305004495a9","hash":"302caed500a51e0400cc9495be4547f96ec8d172"}
,"/Users/bemdev/workplace/hw-2020-1/app/src/components/Log/Log.js": {"path":"/Users/bemdev/workplace/hw-2020-1/app/src/components/Log/Log.js","statementMap":{"0":{"start":{"line":7,"column":16},"end":{"line":11,"column":2}},"1":{"start":{"line":13,"column":12},"end":{"line":20,"column":1}},"2":{"start":{"line":14,"column":1},"end":{"line":19,"column":3}}},"fnMap":{"0":{"name":"(anonymous_0)","decl":{"start":{"line":13,"column":12},"end":{"line":13,"column":13}},"loc":{"start":{"line":13,"column":26},"end":{"line":20,"column":1}},"line":13}},"branchMap":{},"s":{"0":6,"1":6,"2":1},"f":{"0":1},"b":{},"_coverageSchema":"1a1c01bbd47fc00a2c39e90264f33305004495a9","hash":"380f3974a6a9a9cd41c6acde4fc1921701770c64"}
,"/Users/bemdev/workplace/hw-2020-1/app/src/components/Menu/Menu.js": {"path":"/Users/bemdev/workplace/hw-2020-1/app/src/components/Menu/Menu.js","statementMap":{"0":{"start":{"line":7,"column":13},"end":{"line":19,"column":1}},"1":{"start":{"line":8,"column":1},"end":{"line":18,"column":3}},"2":{"start":{"line":11,"column":4},"end":{"line":15,"column":6}}},"fnMap":{"0":{"name":"(anonymous_0)","decl":{"start":{"line":7,"column":13},"end":{"line":7,"column":14}},"loc":{"start":{"line":7,"column":28},"end":{"line":19,"column":1}},"line":7},"1":{"name":"(anonymous_1)","decl":{"start":{"line":10,"column":23},"end":{"line":10,"column":24}},"loc":{"start":{"line":10,"column":40},"end":{"line":16,"column":4}},"line":10}},"branchMap":{"0":{"loc":{"start":{"line":10,"column":4},"end":{"line":16,"column":5}},"type":"binary-expr","locations":[{"start":{"line":10,"column":4},"end":{"line":10,"column":9}},{"start":{"line":10,"column":13},"end":{"line":16,"column":5}}],"line":10}},"s":{"0":4,"1":1,"2":0},"f":{"0":1,"1":0},"b":{"0":[1,1]},"_coverageSchema":"1a1c01bbd47fc00a2c39e90264f33305004495a9","hash":"32b5b17e5b00bd2e17c1d29720b7156d005a8084"}
,"/Users/bemdev/workplace/hw-2020-1/app/src/components/Modal/Modal.js": {"path":"/Users/bemdev/workplace/hw-2020-1/app/src/components/Modal/Modal.js","statementMap":{"0":{"start":{"line":7,"column":14},"end":{"line":21,"column":1}},"1":{"start":{"line":8,"column":19},"end":{"line":8,"column":50}},"2":{"start":{"line":10,"column":21},"end":{"line":14,"column":2}},"3":{"start":{"line":11,"column":2},"end":{"line":13,"column":3}},"4":{"start":{"line":12,"column":3},"end":{"line":12,"column":16}},"5":{"start":{"line":16,"column":1},"end":{"line":20,"column":3}},"6":{"start":{"line":23,"column":24},"end":{"line":27,"column":1}},"7":{"start":{"line":24,"column":1},"end":{"line":26,"column":3}},"8":{"start":{"line":29,"column":27},"end":{"line":40,"column":1}},"9":{"start":{"line":30,"column":1},"end":{"line":39,"column":3}},"10":{"start":{"line":32,"column":3},"end":{"line":38,"column":5}}},"fnMap":{"0":{"name":"(anonymous_0)","decl":{"start":{"line":7,"column":14},"end":{"line":7,"column":15}},"loc":{"start":{"line":7,"column":51},"end":{"line":21,"column":1}},"line":7},"1":{"name":"(anonymous_1)","decl":{"start":{"line":10,"column":21},"end":{"line":10,"column":22}},"loc":{"start":{"line":10,"column":28},"end":{"line":14,"column":2}},"line":10},"2":{"name":"(anonymous_2)","decl":{"start":{"line":23,"column":24},"end":{"line":23,"column":25}},"loc":{"start":{"line":23,"column":40},"end":{"line":27,"column":1}},"line":23},"3":{"name":"(anonymous_3)","decl":{"start":{"line":29,"column":27},"end":{"line":29,"column":28}},"loc":{"start":{"line":29,"column":41},"end":{"line":40,"column":1}},"line":29},"4":{"name":"(anonymous_4)","decl":{"start":{"line":31,"column":14},"end":{"line":31,"column":15}},"loc":{"start":{"line":32,"column":3},"end":{"line":38,"column":5}},"line":32}},"branchMap":{"0":{"loc":{"start":{"line":11,"column":2},"end":{"line":13,"column":3}},"type":"if","locations":[{"start":{"line":11,"column":2},"end":{"line":13,"column":3}},{"start":{"line":11,"column":2},"end":{"line":13,"column":3}}],"line":11},"1":{"loc":{"start":{"line":23,"column":25},"end":{"line":23,"column":35}},"type":"default-arg","locations":[{"start":{"line":23,"column":33},"end":{"line":23,"column":35}}],"line":23}},"s":{"0":3,"1":0,"2":0,"3":0,"4":0,"5":0,"6":3,"7":0,"8":3,"9":0,"10":0},"f":{"0":0,"1":0,"2":0,"3":0,"4":0},"b":{"0":[0,0],"1":[0]},"_coverageSchema":"1a1c01bbd47fc00a2c39e90264f33305004495a9","hash":"50e94ca2406a1d4aca255b1a83a38248b17a13ab"}
,"/Users/bemdev/workplace/hw-2020-1/app/src/components/Page/Page.js": {"path":"/Users/bemdev/workplace/hw-2020-1/app/src/components/Page/Page.js","statementMap":{"0":{"start":{"line":19,"column":14},"end":{"line":24,"column":2}},"1":{"start":{"line":26,"column":13},"end":{"line":185,"column":1}},"2":{"start":{"line":36,"column":22},"end":{"line":36,"column":62}},"3":{"start":{"line":38,"column":4},"end":{"line":184,"column":5}},"4":{"start":{"line":40,"column":12},"end":{"line":78,"column":14}},"5":{"start":{"line":46,"column":32},"end":{"line":51,"column":34}},"6":{"start":{"line":80,"column":12},"end":{"line":118,"column":14}},"7":{"start":{"line":86,"column":32},"end":{"line":92,"column":34}},"8":{"start":{"line":100,"column":32},"end":{"line":105,"column":34}},"9":{"start":{"line":120,"column":12},"end":{"line":134,"column":14}},"10":{"start":{"line":136,"column":12},"end":{"line":175,"column":14}},"11":{"start":{"line":142,"column":32},"end":{"line":149,"column":34}},"12":{"start":{"line":157,"column":32},"end":{"line":162,"column":34}},"13":{"start":{"line":177,"column":12},"end":{"line":183,"column":14}},"14":{"start":{"line":187,"column":24},"end":{"line":193,"column":1}},"15":{"start":{"line":188,"column":4},"end":{"line":192,"column":6}},"16":{"start":{"line":195,"column":27},"end":{"line":214,"column":1}},"17":{"start":{"line":196,"column":4},"end":{"line":213,"column":6}},"18":{"start":{"line":198,"column":12},"end":{"line":204,"column":14}},"19":{"start":{"line":206,"column":12},"end":{"line":212,"column":14}}},"fnMap":{"0":{"name":"(anonymous_0)","decl":{"start":{"line":26,"column":13},"end":{"line":26,"column":14}},"loc":{"start":{"line":34,"column":6},"end":{"line":185,"column":1}},"line":34},"1":{"name":"(anonymous_1)","decl":{"start":{"line":45,"column":37},"end":{"line":45,"column":38}},"loc":{"start":{"line":45,"column":43},"end":{"line":52,"column":29}},"line":45},"2":{"name":"(anonymous_2)","decl":{"start":{"line":85,"column":37},"end":{"line":85,"column":38}},"loc":{"start":{"line":85,"column":43},"end":{"line":93,"column":29}},"line":85},"3":{"name":"(anonymous_3)","decl":{"start":{"line":99,"column":37},"end":{"line":99,"column":38}},"loc":{"start":{"line":99,"column":43},"end":{"line":106,"column":29}},"line":99},"4":{"name":"(anonymous_4)","decl":{"start":{"line":141,"column":37},"end":{"line":141,"column":38}},"loc":{"start":{"line":141,"column":43},"end":{"line":150,"column":29}},"line":141},"5":{"name":"(anonymous_5)","decl":{"start":{"line":156,"column":37},"end":{"line":156,"column":38}},"loc":{"start":{"line":156,"column":43},"end":{"line":163,"column":29}},"line":156},"6":{"name":"(anonymous_6)","decl":{"start":{"line":187,"column":24},"end":{"line":187,"column":25}},"loc":{"start":{"line":187,"column":33},"end":{"line":193,"column":1}},"line":187},"7":{"name":"(anonymous_7)","decl":{"start":{"line":195,"column":27},"end":{"line":195,"column":28}},"loc":{"start":{"line":195,"column":39},"end":{"line":214,"column":1}},"line":195},"8":{"name":"(anonymous_8)","decl":{"start":{"line":197,"column":21},"end":{"line":197,"column":22}},"loc":{"start":{"line":198,"column":12},"end":{"line":204,"column":14}},"line":198},"9":{"name":"(anonymous_9)","decl":{"start":{"line":205,"column":20},"end":{"line":205,"column":21}},"loc":{"start":{"line":206,"column":12},"end":{"line":212,"column":14}},"line":206}},"branchMap":{"0":{"loc":{"start":{"line":38,"column":4},"end":{"line":184,"column":5}},"type":"switch","locations":[{"start":{"line":39,"column":8},"end":{"line":78,"column":14}},{"start":{"line":79,"column":8},"end":{"line":118,"column":14}},{"start":{"line":119,"column":8},"end":{"line":134,"column":14}},{"start":{"line":135,"column":8},"end":{"line":175,"column":14}},{"start":{"line":176,"column":8},"end":{"line":183,"column":14}}],"line":38},"1":{"loc":{"start":{"line":82,"column":35},"end":{"line":82,"column":56}},"type":"binary-expr","locations":[{"start":{"line":82,"column":35},"end":{"line":82,"column":40}},{"start":{"line":82,"column":44},"end":{"line":82,"column":56}}],"line":82},"2":{"loc":{"start":{"line":138,"column":35},"end":{"line":138,"column":56}},"type":"binary-expr","locations":[{"start":{"line":138,"column":35},"end":{"line":138,"column":40}},{"start":{"line":138,"column":44},"end":{"line":138,"column":56}}],"line":138}},"s":{"0":2,"1":2,"2":0,"3":0,"4":0,"5":0,"6":0,"7":0,"8":0,"9":0,"10":0,"11":0,"12":0,"13":0,"14":2,"15":1,"16":2,"17":1,"18":0,"19":0},"f":{"0":0,"1":0,"2":0,"3":0,"4":0,"5":0,"6":1,"7":1,"8":0,"9":0},"b":{"0":[0,0,0,0,0],"1":[0,0],"2":[0,0]},"_coverageSchema":"1a1c01bbd47fc00a2c39e90264f33305004495a9","hash":"6b73958f7fb4615370e5c7c575d241bf52cf8504"}
,"/Users/bemdev/workplace/hw-2020-1/app/src/components/Switch/Switch.js": {"path":"/Users/bemdev/workplace/hw-2020-1/app/src/components/Switch/Switch.js","statementMap":{"0":{"start":{"line":5,"column":15},"end":{"line":8,"column":1}},"1":{"start":{"line":6,"column":18},"end":{"line":6,"column":43}},"2":{"start":{"line":7,"column":1},"end":{"line":7,"column":29}}},"fnMap":{"0":{"name":"(anonymous_0)","decl":{"start":{"line":5,"column":15},"end":{"line":5,"column":16}},"loc":{"start":{"line":5,"column":37},"end":{"line":8,"column":1}},"line":5}},"branchMap":{},"s":{"0":1,"1":1,"2":1},"f":{"0":1},"b":{},"_coverageSchema":"1a1c01bbd47fc00a2c39e90264f33305004495a9","hash":"262648a5d41b19fc3cd97b22be94f4927c53f985"}
,"/Users/bemdev/workplace/hw-2020-1/app/src/components/Text/Text.js": {"path":"/Users/bemdev/workplace/hw-2020-1/app/src/components/Text/Text.js","statementMap":{"0":{"start":{"line":6,"column":13},"end":{"line":20,"column":1}},"1":{"start":{"line":7,"column":19},"end":{"line":7,"column":57}},"2":{"start":{"line":8,"column":1},"end":{"line":19,"column":2}},"3":{"start":{"line":10,"column":3},"end":{"line":10,"column":54}},"4":{"start":{"line":12,"column":3},"end":{"line":12,"column":56}},"5":{"start":{"line":14,"column":3},"end":{"line":14,"column":56}},"6":{"start":{"line":16,"column":3},"end":{"line":16,"column":56}},"7":{"start":{"line":18,"column":3},"end":{"line":18,"column":58}}},"fnMap":{"0":{"name":"(anonymous_0)","decl":{"start":{"line":6,"column":13},"end":{"line":6,"column":14}},"loc":{"start":{"line":6,"column":42},"end":{"line":20,"column":1}},"line":6}},"branchMap":{"0":{"loc":{"start":{"line":8,"column":1},"end":{"line":19,"column":2}},"type":"switch","locations":[{"start":{"line":9,"column":2},"end":{"line":10,"column":54}},{"start":{"line":11,"column":2},"end":{"line":12,"column":56}},{"start":{"line":13,"column":2},"end":{"line":14,"column":56}},{"start":{"line":15,"column":2},"end":{"line":16,"column":56}},{"start":{"line":17,"column":2},"end":{"line":18,"column":58}}],"line":8}},"s":{"0":9,"1":11,"2":11,"3":1,"4":1,"5":1,"6":1,"7":7},"f":{"0":11},"b":{"0":[1,1,1,1,7]},"_coverageSchema":"1a1c01bbd47fc00a2c39e90264f33305004495a9","hash":"f33cc0e81942c26871ae86e42e5fd756362c1d21"}
,"/Users/bemdev/workplace/hw-2020-1/app/src/components/Title/Title.js": {"path":"/Users/bemdev/workplace/hw-2020-1/app/src/components/Title/Title.js","statementMap":{"0":{"start":{"line":8,"column":14},"end":{"line":17,"column":1}},"1":{"start":{"line":9,"column":1},"end":{"line":16,"column":3}}},"fnMap":{"0":{"name":"(anonymous_0)","decl":{"start":{"line":8,"column":14},"end":{"line":8,"column":15}},"loc":{"start":{"line":8,"column":38},"end":{"line":17,"column":1}},"line":8}},"branchMap":{},"s":{"0":3,"1":1},"f":{"0":1},"b":{},"_coverageSchema":"1a1c01bbd47fc00a2c39e90264f33305004495a9","hash":"6fe69e17b08dcb1d49c932beff8df512c974bba4"}
,"/Users/bemdev/workplace/hw-2020-1/app/src/controllers/index.js": {"path":"/Users/bemdev/workplace/hw-2020-1/app/src/controllers/index.js","statementMap":{"0":{"start":{"line":3,"column":28},"end":{"line":7,"column":1}},"1":{"start":{"line":4,"column":4},"end":{"line":6,"column":41}},"2":{"start":{"line":6,"column":26},"end":{"line":6,"column":39}},"3":{"start":{"line":9,"column":27},"end":{"line":13,"column":1}},"4":{"start":{"line":10,"column":4},"end":{"line":12,"column":41}},"5":{"start":{"line":12,"column":26},"end":{"line":12,"column":39}},"6":{"start":{"line":15,"column":28},"end":{"line":30,"column":1}},"7":{"start":{"line":16,"column":59},"end":{"line":16,"column":67}},"8":{"start":{"line":17,"column":4},"end":{"line":29,"column":25}},"9":{"start":{"line":29,"column":19},"end":{"line":29,"column":23}},"10":{"start":{"line":32,"column":37},"end":{"line":41,"column":1}},"11":{"start":{"line":33,"column":18},"end":{"line":35,"column":40}},"12":{"start":{"line":35,"column":26},"end":{"line":35,"column":39}},"13":{"start":{"line":37,"column":4},"end":{"line":37,"column":31}},"14":{"start":{"line":37,"column":21},"end":{"line":37,"column":31}},"15":{"start":{"line":39,"column":4},"end":{"line":39,"column":48}},"16":{"start":{"line":40,"column":4},"end":{"line":40,"column":17}},"17":{"start":{"line":43,"column":27},"end":{"line":50,"column":1}},"18":{"start":{"line":44,"column":4},"end":{"line":49,"column":41}},"19":{"start":{"line":49,"column":26},"end":{"line":49,"column":39}},"20":{"start":{"line":52,"column":28},"end":{"line":73,"column":1}},"21":{"start":{"line":53,"column":4},"end":{"line":72,"column":7}},"22":{"start":{"line":54,"column":40},"end":{"line":54,"column":51}},"23":{"start":{"line":55,"column":8},"end":{"line":71,"column":11}},"24":{"start":{"line":56,"column":12},"end":{"line":69,"column":13}},"25":{"start":{"line":57,"column":16},"end":{"line":68,"column":45}},"26":{"start":{"line":68,"column":31},"end":{"line":68,"column":43}},"27":{"start":{"line":70,"column":12},"end":{"line":70,"column":25}}},"fnMap":{"0":{"name":"(anonymous_0)","decl":{"start":{"line":3,"column":28},"end":{"line":3,"column":29}},"loc":{"start":{"line":3,"column":34},"end":{"line":7,"column":1}},"line":3},"1":{"name":"(anonymous_1)","decl":{"start":{"line":6,"column":14},"end":{"line":6,"column":15}},"loc":{"start":{"line":6,"column":26},"end":{"line":6,"column":39}},"line":6},"2":{"name":"(anonymous_2)","decl":{"start":{"line":9,"column":27},"end":{"line":9,"column":28}},"loc":{"start":{"line":9,"column":33},"end":{"line":13,"column":1}},"line":9},"3":{"name":"(anonymous_3)","decl":{"start":{"line":12,"column":14},"end":{"line":12,"column":15}},"loc":{"start":{"line":12,"column":26},"end":{"line":12,"column":39}},"line":12},"4":{"name":"(anonymous_4)","decl":{"start":{"line":15,"column":28},"end":{"line":15,"column":29}},"loc":{"start":{"line":15,"column":40},"end":{"line":30,"column":1}},"line":15},"5":{"name":"(anonymous_5)","decl":{"start":{"line":29,"column":12},"end":{"line":29,"column":13}},"loc":{"start":{"line":29,"column":19},"end":{"line":29,"column":23}},"line":29},"6":{"name":"(anonymous_6)","decl":{"start":{"line":32,"column":37},"end":{"line":32,"column":38}},"loc":{"start":{"line":32,"column":54},"end":{"line":41,"column":1}},"line":32},"7":{"name":"(anonymous_7)","decl":{"start":{"line":35,"column":14},"end":{"line":35,"column":15}},"loc":{"start":{"line":35,"column":26},"end":{"line":35,"column":39}},"line":35},"8":{"name":"(anonymous_8)","decl":{"start":{"line":43,"column":27},"end":{"line":43,"column":28}},"loc":{"start":{"line":43,"column":38},"end":{"line":50,"column":1}},"line":43},"9":{"name":"(anonymous_9)","decl":{"start":{"line":49,"column":14},"end":{"line":49,"column":15}},"loc":{"start":{"line":49,"column":26},"end":{"line":49,"column":39}},"line":49},"10":{"name":"(anonymous_10)","decl":{"start":{"line":52,"column":28},"end":{"line":52,"column":29}},"loc":{"start":{"line":52,"column":51},"end":{"line":73,"column":1}},"line":52},"11":{"name":"(anonymous_11)","decl":{"start":{"line":53,"column":23},"end":{"line":53,"column":24}},"loc":{"start":{"line":53,"column":34},"end":{"line":72,"column":5}},"line":53},"12":{"name":"(anonymous_12)","decl":{"start":{"line":55,"column":28},"end":{"line":55,"column":29}},"loc":{"start":{"line":55,"column":38},"end":{"line":71,"column":9}},"line":55},"13":{"name":"(anonymous_13)","decl":{"start":{"line":68,"column":24},"end":{"line":68,"column":25}},"loc":{"start":{"line":68,"column":31},"end":{"line":68,"column":43}},"line":68}},"branchMap":{"0":{"loc":{"start":{"line":37,"column":4},"end":{"line":37,"column":31}},"type":"if","locations":[{"start":{"line":37,"column":4},"end":{"line":37,"column":31}},{"start":{"line":37,"column":4},"end":{"line":37,"column":31}}],"line":37},"1":{"loc":{"start":{"line":56,"column":12},"end":{"line":69,"column":13}},"type":"if","locations":[{"start":{"line":56,"column":12},"end":{"line":69,"column":13}},{"start":{"line":56,"column":12},"end":{"line":69,"column":13}}],"line":56}},"s":{"0":3,"1":0,"2":0,"3":3,"4":0,"5":0,"6":3,"7":0,"8":0,"9":0,"10":3,"11":0,"12":0,"13":0,"14":0,"15":0,"16":0,"17":3,"18":0,"19":0,"20":3,"21":0,"22":0,"23":0,"24":0,"25":0,"26":0,"27":0},"f":{"0":0,"1":0,"2":0,"3":0,"4":0,"5":0,"6":0,"7":0,"8":0,"9":0,"10":0,"11":0,"12":0,"13":0},"b":{"0":[0,0],"1":[0,0]},"_coverageSchema":"1a1c01bbd47fc00a2c39e90264f33305004495a9","hash":"29a84989c845a8c06bf51d83ef8cd0fa80cae6db"}
,"/Users/bemdev/workplace/hw-2020-1/app/src/libs/names/index.js": {"path":"/Users/bemdev/workplace/hw-2020-1/app/src/libs/names/index.js","statementMap":{"0":{"start":{"line":2,"column":11},"end":{"line":2,"column":49}}},"fnMap":{},"branchMap":{},"s":{"0":14},"f":{},"b":{},"_coverageSchema":"1a1c01bbd47fc00a2c39e90264f33305004495a9","hash":"cc32175a84d0514a808b106a7740c4e4c5d39895"}
,"/Users/bemdev/workplace/hw-2020-1/app/src/libs/router/index.js": {"path":"/Users/bemdev/workplace/hw-2020-1/app/src/libs/router/index.js","statementMap":{"0":{"start":{"line":4,"column":1},"end":{"line":9,"column":4}},"1":{"start":{"line":5,"column":16},"end":{"line":5,"column":71}},"2":{"start":{"line":7,"column":2},"end":{"line":7,"column":59}},"3":{"start":{"line":8,"column":2},"end":{"line":8,"column":15}},"4":{"start":{"line":10,"column":1},"end":{"line":10,"column":18}}},"fnMap":{"0":{"name":"matchRoutes","decl":{"start":{"line":3,"column":16},"end":{"line":3,"column":27}},"loc":{"start":{"line":3,"column":59},"end":{"line":11,"column":1}},"line":3},"1":{"name":"(anonymous_1)","decl":{"start":{"line":4,"column":13},"end":{"line":4,"column":14}},"loc":{"start":{"line":4,"column":24},"end":{"line":9,"column":2}},"line":4}},"branchMap":{"0":{"loc":{"start":{"line":3,"column":46},"end":{"line":3,"column":57}},"type":"default-arg","locations":[{"start":{"line":3,"column":55},"end":{"line":3,"column":57}}],"line":3},"1":{"loc":{"start":{"line":5,"column":16},"end":{"line":5,"column":71}},"type":"cond-expr","locations":[{"start":{"line":5,"column":29},"end":{"line":5,"column":55}},{"start":{"line":5,"column":58},"end":{"line":5,"column":71}}],"line":5},"2":{"loc":{"start":{"line":7,"column":2},"end":{"line":7,"column":58}},"type":"binary-expr","locations":[{"start":{"line":7,"column":2},"end":{"line":7,"column":7}},{"start":{"line":7,"column":11},"end":{"line":7,"column":58}}],"line":7}},"s":{"0":1,"1":1,"2":1,"3":1,"4":1},"f":{"0":1,"1":1},"b":{"0":[1],"1":[1,0],"2":[1,1]},"_coverageSchema":"1a1c01bbd47fc00a2c39e90264f33305004495a9","hash":"29e55cd712ad4315d67d6480be55dfe078015910"}
}
