TN:
SF:app/src/components/Button/Button.js
FN:9,(anonymous_0)
FNF:1
FNH:1
FNDA:7,(anonymous_0)
DA:9,4
DA:21,7
DA:28,7
DA:29,7
DA:31,7
DA:33,1
DA:45,6
LF:7
LH:7
BRDA:23,0,0,2
BRDA:23,0,1,5
BRDA:24,1,0,0
BRDA:24,1,1,7
BRDA:25,2,0,0
BRDA:25,2,1,7
BRDA:31,3,0,1
BRDA:31,3,1,6
BRDA:40,4,0,1
BRDA:40,4,1,0
BRDA:51,5,0,0
BRDA:51,5,1,6
BRDA:52,6,0,4
BRDA:52,6,1,2
BRF:14
BRH:10
end_of_record
TN:
SF:app/src/components/Card/Card.js
FN:11,(anonymous_0)
FNF:1
FNH:1
FNDA:2,(anonymous_0)
DA:11,5
DA:14,2
DA:15,0
DA:17,0
DA:18,0
DA:20,0
DA:21,0
DA:23,0
DA:24,0
DA:26,0
DA:27,0
DA:29,0
DA:32,2
DA:36,2
DA:37,0
DA:39,0
DA:41,0
DA:45,2
DA:54,2
LF:19
LH:6
BRDA:14,0,0,0
BRDA:14,0,1,2
BRDA:15,1,0,0
BRDA:15,1,1,0
BRDA:15,1,2,0
BRDA:15,1,3,0
BRDA:15,1,4,0
BRDA:36,2,0,0
BRDA:36,2,1,2
BRDA:36,3,0,2
BRDA:36,3,1,2
BRDA:37,4,0,0
BRDA:37,4,1,0
BRDA:56,5,0,1
BRDA:56,5,1,1
BRDA:85,6,0,1
BRDA:85,6,1,0
BRDA:108,7,0,0
BRDA:108,7,1,1
BRDA:144,8,0,0
BRDA:144,8,1,0
BRDA:170,9,0,2
BRDA:170,9,1,0
BRF:23
BRH:9
end_of_record
TN:
SF:app/src/components/Copyright/Copyright.js
FN:3,(anonymous_0)
FNF:1
FNH:1
FNDA:1,(anonymous_0)
DA:3,4
DA:4,1
LF:2
LH:2
BRF:0
BRH:0
end_of_record
TN:
SF:app/src/components/Footer/Footer.js
FN:6,(anonymous_0)
FNF:1
FNH:1
FNDA:1,(anonymous_0)
DA:6,3
DA:7,1
LF:2
LH:2
BRF:0
BRH:0
end_of_record
TN:
SF:app/src/components/Footer/__content/FooterContent.js
FN:7,(anonymous_0)
FNF:1
FNH:0
FNDA:0,(anonymous_0)
DA:7,3
DA:8,0
LF:2
LH:1
BRF:0
BRH:0
end_of_record
TN:
SF:app/src/components/Form/Form.js
FN:13,(anonymous_0)
FN:24,(anonymous_1)
FN:28,(anonymous_2)
FN:32,(anonymous_3)
FN:33,(anonymous_4)
FN:36,(anonymous_5)
FN:37,(anonymous_6)
FN:40,(anonymous_7)
FN:43,(anonymous_8)
FN:47,(anonymous_9)
FN:154,(anonymous_10)
FNF:11
FNH:1
FNDA:3,(anonymous_0)
FNDA:0,(anonymous_1)
FNDA:0,(anonymous_2)
FNDA:0,(anonymous_3)
FNDA:0,(anonymous_4)
FNDA:0,(anonymous_5)
FNDA:0,(anonymous_6)
FNDA:0,(anonymous_7)
FNDA:0,(anonymous_8)
FNDA:0,(anonymous_9)
FNDA:0,(anonymous_10)
DA:13,3
DA:14,3
DA:22,3
DA:24,3
DA:25,0
DA:28,3
DA:29,0
DA:32,3
DA:33,0
DA:36,3
DA:37,0
DA:40,3
DA:41,0
DA:42,0
DA:44,0
DA:45,0
DA:47,0
DA:50,3
DA:52,1
DA:84,1
DA:109,1
LF:21
LH:12
BRDA:50,0,0,1
BRDA:50,0,1,1
BRDA:50,0,2,1
BRF:3
BRH:3
end_of_record
TN:
SF:app/src/components/Grid/Grid.js
FN:6,(anonymous_0)
FNF:1
FNH:1
FNDA:1,(anonymous_0)
DA:6,3
DA:7,1
LF:2
LH:2
BRF:0
BRH:0
end_of_record
TN:
SF:app/src/components/Header/Header.js
FN:11,(anonymous_0)
FNF:1
FNH:1
FNDA:1,(anonymous_0)
DA:9,3
DA:11,3
DA:12,1
LF:3
LH:3
BRDA:16,0,0,1
BRDA:16,0,1,1
BRF:2
BRH:2
end_of_record
TN:
SF:app/src/components/Header/__content/HeaderContent.js
FN:8,(anonymous_0)
FNF:1
FNH:0
FNDA:0,(anonymous_0)
DA:6,3
DA:8,3
DA:9,0
LF:3
LH:2
BRF:0
BRH:0
end_of_record
TN:
SF:app/src/components/Header/__logo/HeaderLogo.js
FN:8,(anonymous_0)
FNF:1
FNH:0
FNDA:0,(anonymous_0)
DA:8,3
DA:9,0
DA:10,0
DA:11,0
DA:13,0
LF:5
LH:1
BRF:0
BRH:0
end_of_record
TN:
SF:app/src/components/History/History.js
FN:6,(anonymous_0)
FNF:1
FNH:1
FNDA:1,(anonymous_0)
DA:6,3
DA:7,1
LF:2
LH:2
BRDA:7,0,0,1
BRDA:7,0,1,0
BRDA:7,1,0,1
BRDA:7,1,1,1
BRDA:10,2,0,0
BRDA:10,2,1,0
BRF:6
BRH:3
end_of_record
TN:
SF:app/src/components/Icon/Icon.js
FN:6,(anonymous_0)
FNF:1
FNH:1
FNDA:2,(anonymous_0)
DA:6,8
DA:7,2
DA:9,2
LF:3
LH:3
BRF:0
BRH:0
end_of_record
TN:
SF:app/src/components/Input/Input.js
FN:6,(anonymous_0)
FNF:1
FNH:1
FNDA:4,(anonymous_0)
DA:6,4
DA:7,4
LF:2
LH:2
BRDA:16,0,0,0
BRDA:16,0,1,4
BRDA:52,1,0,1
BRDA:52,1,1,3
BRF:4
BRH:3
end_of_record
TN:
SF:app/src/components/Link/Link.js
FN:5,(anonymous_0)
FNF:1
FNH:1
FNDA:2,(anonymous_0)
DA:5,5
DA:6,2
LF:2
LH:2
BRF:0
BRH:0
end_of_record
TN:
SF:app/src/components/List/List.js
FN:8,(anonymous_0)
FN:11,(anonymous_1)
FNF:2
FNH:2
FNDA:1,(anonymous_0)
FNDA:1,(anonymous_1)
DA:8,4
DA:9,1
DA:12,1
LF:3
LH:3
BRDA:11,0,0,1
BRDA:11,0,1,1
BRF:2
BRH:2
end_of_record
TN:
SF:app/src/components/Loader/Loader.js
FN:3,(anonymous_0)
FNF:1
FNH:1
FNDA:3,(anonymous_0)
DA:3,6
LF:1
LH:1
BRF:0
BRH:0
end_of_record
TN:
SF:app/src/components/Log/Log.js
FN:13,(anonymous_0)
FNF:1
FNH:1
FNDA:1,(anonymous_0)
DA:7,6
DA:13,6
DA:14,1
LF:3
LH:3
BRF:0
BRH:0
end_of_record
TN:
SF:app/src/components/Menu/Menu.js
FN:7,(anonymous_0)
FN:10,(anonymous_1)
FNF:2
FNH:1
FNDA:1,(anonymous_0)
FNDA:0,(anonymous_1)
DA:7,4
DA:8,1
DA:11,0
LF:3
LH:2
BRDA:10,0,0,1
BRDA:10,0,1,1
BRF:2
BRH:2
end_of_record
TN:
SF:app/src/components/Modal/Modal.js
FN:7,(anonymous_0)
FN:10,(anonymous_1)
FN:23,(anonymous_2)
FN:29,(anonymous_3)
FN:31,(anonymous_4)
FNF:5
FNH:0
FNDA:0,(anonymous_0)
FNDA:0,(anonymous_1)
FNDA:0,(anonymous_2)
FNDA:0,(anonymous_3)
FNDA:0,(anonymous_4)
DA:7,3
DA:8,0
DA:10,0
DA:11,0
DA:12,0
DA:16,0
DA:23,3
DA:24,0
DA:29,3
DA:30,0
DA:32,0
LF:11
LH:3
BRDA:11,0,0,0
BRDA:11,0,1,0
BRDA:23,1,0,0
BRF:3
BRH:0
end_of_record
TN:
SF:app/src/components/Page/Page.js
FN:26,(anonymous_0)
FN:45,(anonymous_1)
FN:85,(anonymous_2)
FN:99,(anonymous_3)
FN:141,(anonymous_4)
FN:156,(anonymous_5)
FN:187,(anonymous_6)
FN:195,(anonymous_7)
FN:197,(anonymous_8)
FN:205,(anonymous_9)
FNF:10
FNH:2
FNDA:0,(anonymous_0)
FNDA:0,(anonymous_1)
FNDA:0,(anonymous_2)
FNDA:0,(anonymous_3)
FNDA:0,(anonymous_4)
FNDA:0,(anonymous_5)
FNDA:1,(anonymous_6)
FNDA:1,(anonymous_7)
FNDA:0,(anonymous_8)
FNDA:0,(anonymous_9)
DA:19,2
DA:26,2
DA:36,0
DA:38,0
DA:40,0
DA:46,0
DA:80,0
DA:86,0
DA:100,0
DA:120,0
DA:136,0
DA:142,0
DA:157,0
DA:177,0
DA:187,2
DA:188,1
DA:195,2
DA:196,1
DA:198,0
DA:206,0
LF:20
LH:6
BRDA:38,0,0,0
BRDA:38,0,1,0
BRDA:38,0,2,0
BRDA:38,0,3,0
BRDA:38,0,4,0
BRDA:82,1,0,0
BRDA:82,1,1,0
BRDA:138,2,0,0
BRDA:138,2,1,0
BRF:9
BRH:0
end_of_record
TN:
SF:app/src/components/Switch/Switch.js
FN:5,(anonymous_0)
FNF:1
FNH:1
FNDA:1,(anonymous_0)
DA:5,1
DA:6,1
DA:7,1
LF:3
LH:3
BRF:0
BRH:0
end_of_record
TN:
SF:app/src/components/Text/Text.js
FN:6,(anonymous_0)
FNF:1
FNH:1
FNDA:11,(anonymous_0)
DA:6,9
DA:7,11
DA:8,11
DA:10,1
DA:12,1
DA:14,1
DA:16,1
DA:18,7
LF:8
LH:8
BRDA:8,0,0,1
BRDA:8,0,1,1
BRDA:8,0,2,1
BRDA:8,0,3,1
BRDA:8,0,4,7
BRF:5
BRH:5
end_of_record
TN:
SF:app/src/components/Title/Title.js
FN:8,(anonymous_0)
FNF:1
FNH:1
FNDA:1,(anonymous_0)
DA:8,3
DA:9,1
LF:2
LH:2
BRF:0
BRH:0
end_of_record
TN:
SF:app/src/controllers/index.js
FN:3,(anonymous_0)
FN:6,(anonymous_1)
FN:9,(anonymous_2)
FN:12,(anonymous_3)
FN:15,(anonymous_4)
FN:29,(anonymous_5)
FN:32,(anonymous_6)
FN:35,(anonymous_7)
FN:43,(anonymous_8)
FN:49,(anonymous_9)
FN:52,(anonymous_10)
FN:53,(anonymous_11)
FN:55,(anonymous_12)
FN:68,(anonymous_13)
FNF:14
FNH:0
FNDA:0,(anonymous_0)
FNDA:0,(anonymous_1)
FNDA:0,(anonymous_2)
FNDA:0,(anonymous_3)
FNDA:0,(anonymous_4)
FNDA:0,(anonymous_5)
FNDA:0,(anonymous_6)
FNDA:0,(anonymous_7)
FNDA:0,(anonymous_8)
FNDA:0,(anonymous_9)
FNDA:0,(anonymous_10)
FNDA:0,(anonymous_11)
FNDA:0,(anonymous_12)
FNDA:0,(anonymous_13)
DA:3,3
DA:4,0
DA:6,0
DA:9,3
DA:10,0
DA:12,0
DA:15,3
DA:16,0
DA:17,0
DA:29,0
DA:32,3
DA:33,0
DA:35,0
DA:37,0
DA:39,0
DA:40,0
DA:43,3
DA:44,0
DA:49,0
DA:52,3
DA:53,0
DA:54,0
DA:55,0
DA:56,0
DA:57,0
DA:68,0
DA:70,0
LF:27
LH:6
BRDA:37,0,0,0
BRDA:37,0,1,0
BRDA:56,1,0,0
BRDA:56,1,1,0
BRF:4
BRH:0
end_of_record
TN:
SF:app/src/libs/names/index.js
FNF:0
FNH:0
DA:2,14
LF:1
LH:1
BRF:0
BRH:0
end_of_record
TN:
SF:app/src/libs/router/index.js
FN:3,matchRoutes
FN:4,(anonymous_1)
FNF:2
FNH:2
FNDA:1,matchRoutes
FNDA:1,(anonymous_1)
DA:4,1
DA:5,1
DA:7,1
DA:8,1
DA:10,1
LF:5
LH:5
BRDA:3,0,0,1
BRDA:5,1,0,1
BRDA:5,1,1,0
BRDA:7,2,0,1
BRDA:7,2,1,1
BRF:5
BRH:4
end_of_record
